<?xml version="1.0" encoding="UTF-8"?>
<!-- Generated by org.testng.reporters.JUnitXMLReporter -->
<testsuite ignored="0" hostname="DESKTOP-6CV4G98" failures="2" tests="2" name="Test" time="6.499" errors="0" timestamp="2022-10-21T08:03:16 IST">
  <testcase classname="tests.HomeTest" name="logout" time="5.074">
    <failure type="java.lang.AssertionError" message="expected [true] but found [false]">
      <![CDATA[java.lang.AssertionError: expected [true] but found [false]
at tests.HomeTest.logout(HomeTest.java:41)
at java.base/java.util.ArrayList.forEach(ArrayList.java:1541)
... Removed 31 stack frames]]>
    </failure>
  </testcase> <!-- logout -->
  <testcase classname="tests.HomeTest" name="verifyTitle" time="0.006">
    <failure type="java.lang.AssertionError" message="Title does not matched); expected [HRM] but found [OrangeHRM]">
      <![CDATA[java.lang.AssertionError: Title does not matched); expected [HRM] but found [OrangeHRM]
at tests.HomeTest.verifyTitle(HomeTest.java:33)
at java.base/java.util.ArrayList.forEach(ArrayList.java:1541)
... Removed 32 stack frames]]>
    </failure>
  </testcase> <!-- verifyTitle -->
</testsuite> <!-- Test -->
